Determining if the pthread_create exist failed with the following output:
Change Dir: /home/abhishek/caffe-rc5-dev/build/CMakeFiles/CMakeTmp

Run Build Command:"/usr/bin/make" "cmTC_aff0a/fast"
/usr/bin/make -f CMakeFiles/cmTC_aff0a.dir/build.make CMakeFiles/cmTC_aff0a.dir/build
make[1]: Entering directory '/home/abhishek/caffe-rc5-dev/build/CMakeFiles/CMakeTmp'
Building C object CMakeFiles/cmTC_aff0a.dir/CheckSymbolExists.c.o
/usr/bin/cc     -o CMakeFiles/cmTC_aff0a.dir/CheckSymbolExists.c.o   -c /home/abhishek/caffe-rc5-dev/build/CMakeFiles/CMakeTmp/CheckSymbolExists.c
Linking C executable cmTC_aff0a
/usr/local/bin/cmake -E cmake_link_script CMakeFiles/cmTC_aff0a.dir/link.txt --verbose=1
/usr/bin/cc       CMakeFiles/cmTC_aff0a.dir/CheckSymbolExists.c.o  -o cmTC_aff0a -rdynamic 
CMakeFiles/cmTC_aff0a.dir/CheckSymbolExists.c.o: In function `main':
CheckSymbolExists.c:(.text+0x16): undefined reference to `pthread_create'
collect2: error: ld returned 1 exit status
CMakeFiles/cmTC_aff0a.dir/build.make:97: recipe for target 'cmTC_aff0a' failed
make[1]: *** [cmTC_aff0a] Error 1
make[1]: Leaving directory '/home/abhishek/caffe-rc5-dev/build/CMakeFiles/CMakeTmp'
Makefile:126: recipe for target 'cmTC_aff0a/fast' failed
make: *** [cmTC_aff0a/fast] Error 2

File /home/abhishek/caffe-rc5-dev/build/CMakeFiles/CMakeTmp/CheckSymbolExists.c:
/* */
#include <pthread.h>

int main(int argc, char** argv)
{
  (void)argv;
#ifndef pthread_create
  return ((int*)(&pthread_create))[argc];
#else
  (void)argc;
  return 0;
#endif
}

Determining if the function pthread_create exists in the pthreads failed with the following output:
Change Dir: /home/abhishek/caffe-rc5-dev/build/CMakeFiles/CMakeTmp

Run Build Command:"/usr/bin/make" "cmTC_f7940/fast"
/usr/bin/make -f CMakeFiles/cmTC_f7940.dir/build.make CMakeFiles/cmTC_f7940.dir/build
make[1]: Entering directory '/home/abhishek/caffe-rc5-dev/build/CMakeFiles/CMakeTmp'
Building C object CMakeFiles/cmTC_f7940.dir/CheckFunctionExists.c.o
/usr/bin/cc    -DCHECK_FUNCTION_EXISTS=pthread_create   -o CMakeFiles/cmTC_f7940.dir/CheckFunctionExists.c.o   -c /usr/local/share/cmake-3.5/Modules/CheckFunctionExists.c
Linking C executable cmTC_f7940
/usr/local/bin/cmake -E cmake_link_script CMakeFiles/cmTC_f7940.dir/link.txt --verbose=1
/usr/bin/cc   -DCHECK_FUNCTION_EXISTS=pthread_create    CMakeFiles/cmTC_f7940.dir/CheckFunctionExists.c.o  -o cmTC_f7940 -rdynamic -lpthreads 
/usr/bin/ld: cannot find -lpthreads
collect2: error: ld returned 1 exit status
CMakeFiles/cmTC_f7940.dir/build.make:97: recipe for target 'cmTC_f7940' failed
make[1]: *** [cmTC_f7940] Error 1
make[1]: Leaving directory '/home/abhishek/caffe-rc5-dev/build/CMakeFiles/CMakeTmp'
Makefile:126: recipe for target 'cmTC_f7940/fast' failed
make: *** [cmTC_f7940/fast] Error 2


